<?xml version="1.0" encoding="UTF-8"?>
<robot generator="Robot 4.1.3 (Python 3.7.5 on win32)" generated="20220111 20:53:56.303" rpa="false" schemaversion="2">
<suite id="s1" name="Robot Interactive Console" source="c:\Users\MSI GF75 9SC\.vscode\extensions\robocorp.robotframework-lsp-0.35.0\src\robotframework_ls\vendored\robotframework_interactive\robot_interactive_console.robot">
<test id="s1-t1" name="Default Task/Test">
<kw name="Interpreter Main Loop" library="MainLoop">
<kw name="Run dialog" library="RPA.Dialogs">
<arg>timeout=2</arg>
<tag>dialog</tag>
<doc>Create a dialog from all the defined elements and block
until the user has handled it.</doc>
<status status="FAIL" starttime="20220111 20:54:44.613" endtime="20220111 20:54:46.690"/>
</kw>
<kw name="Run dialog" library="RPA.Dialogs">
<arg>timeout=5</arg>
<tag>dialog</tag>
<doc>Create a dialog from all the defined elements and block
until the user has handled it.</doc>
<status status="FAIL" starttime="20220111 20:55:22.449" endtime="20220111 20:55:27.465"/>
</kw>
<status status="PASS" starttime="20220111 20:53:56.387" endtime="20220111 20:57:43.754"/>
</kw>
<status status="PASS" starttime="20220111 20:53:56.387" endtime="20220111 20:57:43.754"/>
</test>
<status status="PASS" starttime="20220111 20:53:56.305" endtime="20220111 20:57:43.755"/>
</suite>
<statistics>
<total>
<stat pass="1" fail="0" skip="0">All Tests</stat>
</total>
<tag>
</tag>
<suite>
<stat pass="1" fail="0" skip="0" id="s1" name="Robot Interactive Console">Robot Interactive Console</stat>
</suite>
</statistics>
<errors>
</errors>
</robot>
